# JRE version: Java(TM) SE Runtime Environment (8.0_162-b12) (build 1.8.0_162-b12)
# Java VM: Java HotSpot(TM) 64-Bit Server VM (25.162-b12 mixed mode linux-amd64 compressed oops)
Heap:
 PSYoungGen      total 291328K, used 209611K [0x00000000eb700000, 0x0000000100000000, 0x0000000100000000)
  eden space 246784K, 68% used [0x00000000eb700000,0x00000000f5afd7e0,0x00000000fa800000)
  from space 44544K, 93% used [0x00000000fa800000,0x00000000fd0b54c8,0x00000000fd380000)
  to   space 44544K, 0% used [0x00000000fd480000,0x00000000fd480000,0x0000000100000000)
 ParOldGen       total 159744K, used 110313K [0x00000000c2400000, 0x00000000cc000000, 0x00000000eb700000)
  object space 159744K, 69% used [0x00000000c2400000,0x00000000c8fba7c8,0x00000000cc000000)
 Metaspace       used 23038K, capacity 23610K, committed 23808K, reserved 1071104K
  class space    used 2635K, capacity 2815K, committed 2816K, reserved 1048576K
GC Heap History (10 events):
Event: 33.033 GC heap before
{Heap before GC invocations=83 (full 4):
 PSYoungGen      total 289280K, used 42236K [0x00000000eb700000, 0x00000000fff00000, 0x0000000100000000)
  eden space 246784K, 0% used [0x00000000eb700000,0x00000000eb700000,0x00000000fa800000)
  from space 42496K, 99% used [0x00000000fa800000,0x00000000fd13f1b0,0x00000000fd180000)
  to   space 44544K, 0% used [0x00000000fd380000,0x00000000fd380000,0x00000000fff00000)
 ParOldGen       total 156160K, used 153368K [0x00000000c2400000, 0x00000000cbc80000, 0x00000000eb700000)
  object space 156160K, 98% used [0x00000000c2400000,0x00000000cb9c6378,0x00000000cbc80000)
 Metaspace       used 20646K, capacity 21202K, committed 21504K, reserved 1069056K
  class space    used 2316K, capacity 2473K, committed 2560K, reserved 1048576K
Event: 33.348 GC heap after
Heap after GC invocations=83 (full 4):
 PSYoungGen      total 289280K, used 0K [0x00000000eb700000, 0x00000000fff00000, 0x0000000100000000)
  eden space 246784K, 0% used [0x00000000eb700000,0x00000000eb700000,0x00000000fa800000)
  from space 42496K, 0% used [0x00000000fa800000,0x00000000fa800000,0x00000000fd180000)
  to   space 44544K, 0% used [0x00000000fd380000,0x00000000fd380000,0x00000000fff00000)
 ParOldGen       total 159744K, used 105060K [0x00000000c2400000, 0x00000000cc000000, 0x00000000eb700000)
  object space 159744K, 65% used [0x00000000c2400000,0x00000000c8a99338,0x00000000cc000000)
 Metaspace       used 20646K, capacity 21202K, committed 21504K, reserved 1069056K
  class space    used 2316K, capacity 2473K, committed 2560K, reserved 1048576K
}
Event: 33.676 GC heap before
{Heap before GC invocations=84 (full 4):
 PSYoungGen      total 289280K, used 246784K [0x00000000eb700000, 0x00000000fff00000, 0x0000000100000000)
  eden space 246784K, 100% used [0x00000000eb700000,0x00000000fa800000,0x00000000fa800000)
  from space 42496K, 0% used [0x00000000fa800000,0x00000000fa800000,0x00000000fd180000)
  to   space 44544K, 0% used [0x00000000fd380000,0x00000000fd380000,0x00000000fff00000)
 ParOldGen       total 159744K, used 105060K [0x00000000c2400000, 0x00000000cc000000, 0x00000000eb700000)
  object space 159744K, 65% used [0x00000000c2400000,0x00000000c8a99338,0x00000000cc000000)
 Metaspace       used 20646K, capacity 21202K, committed 21504K, reserved 1069056K
  class space    used 2316K, capacity 2473K, committed 2560K, reserved 1048576K
Event: 33.757 GC heap after
Heap after GC invocations=84 (full 4):
 PSYoungGen      total 290816K, used 43550K [0x00000000eb700000, 0x0000000100000000, 0x0000000100000000)
  eden space 246272K, 0% used [0x00000000eb700000,0x00000000eb700000,0x00000000fa780000)
  from space 44544K, 97% used [0x00000000fd380000,0x00000000ffe07ac0,0x00000000fff00000)
  to   space 45056K, 0% used [0x00000000fa780000,0x00000000fa780000,0x00000000fd380000)
 ParOldGen       total 159744K, used 105060K [0x00000000c2400000, 0x00000000cc000000, 0x00000000eb700000)
  object space 159744K, 65% used [0x00000000c2400000,0x00000000c8a99338,0x00000000cc000000)
 Metaspace       used 20646K, capacity 21202K, committed 21504K, reserved 1069056K
  class space    used 2316K, capacity 2473K, committed 2560K, reserved 1048576K
}
Event: 34.086 GC heap before
{Heap before GC invocations=85 (full 4):
 PSYoungGen      total 290816K, used 289822K [0x00000000eb700000, 0x0000000100000000, 0x0000000100000000)
  eden space 246272K, 100% used [0x00000000eb700000,0x00000000fa780000,0x00000000fa780000)
  from space 44544K, 97% used [0x00000000fd380000,0x00000000ffe07ac0,0x00000000fff00000)
  to   space 45056K, 0% used [0x00000000fa780000,0x00000000fa780000,0x00000000fd380000)
 ParOldGen       total 159744K, used 105060K [0x00000000c2400000, 0x00000000cc000000, 0x00000000eb700000)
  object space 159744K, 65% used [0x00000000c2400000,0x00000000c8a99338,0x00000000cc000000)
 Metaspace       used 20646K, capacity 21202K, committed 21504K, reserved 1069056K
  class space    used 2316K, capacity 2473K, committed 2560K, reserved 1048576K
Event: 34.171 GC heap after
Heap after GC invocations=85 (full 4):
 PSYoungGen      total 291328K, used 42786K [0x00000000eb700000, 0x0000000100000000, 0x0000000100000000)
  eden space 246272K, 0% used [0x00000000eb700000,0x00000000eb700000,0x00000000fa780000)
  from space 45056K, 94% used [0x00000000fa780000,0x00000000fd148b88,0x00000000fd380000)
  to   space 45056K, 0% used [0x00000000fd400000,0x00000000fd400000,0x0000000100000000)
 ParOldGen       total 159744K, used 107612K [0x00000000c2400000, 0x00000000cc000000, 0x00000000eb700000)
  object space 159744K, 67% used [0x00000000c2400000,0x00000000c8d172c0,0x00000000cc000000)
 Metaspace       used 20646K, capacity 21202K, committed 21504K, reserved 1069056K
  class space    used 2316K, capacity 2473K, committed 2560K, reserved 1048576K
}
Event: 34.503 GC heap before
{Heap before GC invocations=86 (full 4):
 PSYoungGen      total 291328K, used 289058K [0x00000000eb700000, 0x0000000100000000, 0x0000000100000000)
  eden space 246272K, 100% used [0x00000000eb700000,0x00000000fa780000,0x00000000fa780000)
  from space 45056K, 94% used [0x00000000fa780000,0x00000000fd148b88,0x00000000fd380000)
  to   space 45056K, 0% used [0x00000000fd400000,0x00000000fd400000,0x0000000100000000)
 ParOldGen       total 159744K, used 107612K [0x00000000c2400000, 0x00000000cc000000, 0x00000000eb700000)
  object space 159744K, 67% used [0x00000000c2400000,0x00000000c8d172c0,0x00000000cc000000)
 Metaspace       used 20646K, capacity 21202K, committed 21504K, reserved 1069056K
  class space    used 2316K, capacity 2473K, committed 2560K, reserved 1048576K
Event: 34.585 GC heap after
Heap after GC invocations=86 (full 4):
 PSYoungGen      total 290816K, used 42677K [0x00000000eb700000, 0x00000000fff00000, 0x0000000100000000)
  eden space 246784K, 0% used [0x00000000eb700000,0x00000000eb700000,0x00000000fa800000)
  from space 44032K, 96% used [0x00000000fd400000,0x00000000ffdad400,0x00000000fff00000)
  to   space 44544K, 0% used [0x00000000fa800000,0x00000000fa800000,0x00000000fd380000)
 ParOldGen       total 159744K, used 108908K [0x00000000c2400000, 0x00000000cc000000, 0x00000000eb700000)
  object space 159744K, 68% used [0x00000000c2400000,0x00000000c8e5b3a8,0x00000000cc000000)
 Metaspace       used 20646K, capacity 21202K, committed 21504K, reserved 1069056K
  class space    used 2316K, capacity 2473K, committed 2560K, reserved 1048576K
}
Event: 34.918 GC heap before
{Heap before GC invocations=87 (full 4):
 PSYoungGen      total 290816K, used 289461K [0x00000000eb700000, 0x00000000fff00000, 0x0000000100000000)
  eden space 246784K, 100% used [0x00000000eb700000,0x00000000fa800000,0x00000000fa800000)
  from space 44032K, 96% used [0x00000000fd400000,0x00000000ffdad400,0x00000000fff00000)
  to   space 44544K, 0% used [0x00000000fa800000,0x00000000fa800000,0x00000000fd380000)
 ParOldGen       total 159744K, used 108908K [0x00000000c2400000, 0x00000000cc000000, 0x00000000eb700000)
  object space 159744K, 68% used [0x00000000c2400000,0x00000000c8e5b3a8,0x00000000cc000000)
 Metaspace       used 20646K, capacity 21202K, committed 21504K, reserved 1069056K
  class space    used 2316K, capacity 2473K, committed 2560K, reserved 1048576K
Event: 35.005 GC heap after
Heap after GC invocations=87 (full 4):
 PSYoungGen      total 291328K, used 41685K [0x00000000eb700000, 0x0000000100000000, 0x0000000100000000)
  eden space 246784K, 0% used [0x00000000eb700000,0x00000000eb700000,0x00000000fa800000)
  from space 44544K, 93% used [0x00000000fa800000,0x00000000fd0b54c8,0x00000000fd380000)
  to   space 44544K, 0% used [0x00000000fd480000,0x00000000fd480000,0x0000000100000000)
 ParOldGen       total 159744K, used 110313K [0x00000000c2400000, 0x00000000cc000000, 0x00000000eb700000)
  object space 159744K, 69% used [0x00000000c2400000,0x00000000c8fba7c8,0x00000000cc000000)
 Metaspace       used 20646K, capacity 21202K, committed 21504K, reserved 1069056K
  class space    used 2316K, capacity 2473K, committed 2560K, reserved 1048576K
}

