# JRE version: Java(TM) SE Runtime Environment (8.0_162-b12) (build 1.8.0_162-b12)
# Java VM: Java HotSpot(TM) 64-Bit Server VM (25.162-b12 mixed mode linux-amd64 compressed oops)
Heap:
 PSYoungGen      total 286208K, used 278710K [0x00000000eb700000, 0x00000000fff00000, 0x0000000100000000)
  eden space 237568K, 100% used [0x00000000eb700000,0x00000000f9f00000,0x00000000f9f00000)
  from space 48640K, 84% used [0x00000000fcf80000,0x00000000ff7ada48,0x00000000fff00000)
  to   space 49152K, 7% used [0x00000000f9f00000,0x00000000fa2aad60,0x00000000fcf00000)
 ParOldGen       total 124416K, used 120410K [0x00000000c2400000, 0x00000000c9d80000, 0x00000000eb700000)
  object space 124416K, 96% used [0x00000000c2400000,0x00000000c9996b30,0x00000000c9d80000)
 Metaspace       used 20697K, capacity 21202K, committed 21504K, reserved 1069056K
  class space    used 2317K, capacity 2473K, committed 2560K, reserved 1048576K
GC Heap History (10 events):
Event: 16.953 GC heap before
{Heap before GC invocations=42 (full 2):
 PSYoungGen      total 285184K, used 275418K [0x00000000eb700000, 0x0000000100000000, 0x0000000100000000)
  eden space 234496K, 100% used [0x00000000eb700000,0x00000000f9c00000,0x00000000f9c00000)
  from space 50688K, 80% used [0x00000000f9c00000,0x00000000fc3f69f8,0x00000000fcd80000)
  to   space 50688K, 0% used [0x00000000fce80000,0x00000000fce80000,0x0000000100000000)
 ParOldGen       total 124416K, used 111814K [0x00000000c2400000, 0x00000000c9d80000, 0x00000000eb700000)
  object space 124416K, 89% used [0x00000000c2400000,0x00000000c91318d0,0x00000000c9d80000)
 Metaspace       used 20696K, capacity 21202K, committed 21504K, reserved 1069056K
  class space    used 2316K, capacity 2473K, committed 2560K, reserved 1048576K
Event: 17.032 GC heap after
Heap after GC invocations=42 (full 2):
 PSYoungGen      total 285184K, used 40336K [0x00000000eb700000, 0x00000000fff00000, 0x0000000100000000)
  eden space 235520K, 0% used [0x00000000eb700000,0x00000000eb700000,0x00000000f9d00000)
  from space 49664K, 81% used [0x00000000fce80000,0x00000000ff5e4100,0x00000000fff00000)
  to   space 50176K, 0% used [0x00000000f9d00000,0x00000000f9d00000,0x00000000fce00000)
 ParOldGen       total 124416K, used 113347K [0x00000000c2400000, 0x00000000c9d80000, 0x00000000eb700000)
  object space 124416K, 91% used [0x00000000c2400000,0x00000000c92b0cf0,0x00000000c9d80000)
 Metaspace       used 20696K, capacity 21202K, committed 21504K, reserved 1069056K
  class space    used 2316K, capacity 2473K, committed 2560K, reserved 1048576K
}
Event: 17.346 GC heap before
{Heap before GC invocations=43 (full 2):
 PSYoungGen      total 285184K, used 275856K [0x00000000eb700000, 0x00000000fff00000, 0x0000000100000000)
  eden space 235520K, 100% used [0x00000000eb700000,0x00000000f9d00000,0x00000000f9d00000)
  from space 49664K, 81% used [0x00000000fce80000,0x00000000ff5e4100,0x00000000fff00000)
  to   space 50176K, 0% used [0x00000000f9d00000,0x00000000f9d00000,0x00000000fce00000)
 ParOldGen       total 124416K, used 113347K [0x00000000c2400000, 0x00000000c9d80000, 0x00000000eb700000)
  object space 124416K, 91% used [0x00000000c2400000,0x00000000c92b0cf0,0x00000000c9d80000)
 Metaspace       used 20697K, capacity 21202K, committed 21504K, reserved 1069056K
  class space    used 2317K, capacity 2473K, committed 2560K, reserved 1048576K
Event: 17.424 GC heap after
Heap after GC invocations=43 (full 2):
 PSYoungGen      total 285696K, used 41181K [0x00000000eb700000, 0x0000000100000000, 0x0000000100000000)
  eden space 235520K, 0% used [0x00000000eb700000,0x00000000eb700000,0x00000000f9d00000)
  from space 50176K, 82% used [0x00000000f9d00000,0x00000000fc5377e8,0x00000000fce00000)
  to   space 50176K, 0% used [0x00000000fcf00000,0x00000000fcf00000,0x0000000100000000)
 ParOldGen       total 124416K, used 114144K [0x00000000c2400000, 0x00000000c9d80000, 0x00000000eb700000)
  object space 124416K, 91% used [0x00000000c2400000,0x00000000c9378100,0x00000000c9d80000)
 Metaspace       used 20697K, capacity 21202K, committed 21504K, reserved 1069056K
  class space    used 2317K, capacity 2473K, committed 2560K, reserved 1048576K
}
Event: 17.740 GC heap before
{Heap before GC invocations=44 (full 2):
 PSYoungGen      total 285696K, used 276701K [0x00000000eb700000, 0x0000000100000000, 0x0000000100000000)
  eden space 235520K, 100% used [0x00000000eb700000,0x00000000f9d00000,0x00000000f9d00000)
  from space 50176K, 82% used [0x00000000f9d00000,0x00000000fc5377e8,0x00000000fce00000)
  to   space 50176K, 0% used [0x00000000fcf00000,0x00000000fcf00000,0x0000000100000000)
 ParOldGen       total 124416K, used 114144K [0x00000000c2400000, 0x00000000c9d80000, 0x00000000eb700000)
  object space 124416K, 91% used [0x00000000c2400000,0x00000000c9378100,0x00000000c9d80000)
 Metaspace       used 20697K, capacity 21202K, committed 21504K, reserved 1069056K
  class space    used 2317K, capacity 2473K, committed 2560K, reserved 1048576K
Event: 17.822 GC heap after
Heap after GC invocations=44 (full 2):
 PSYoungGen      total 285696K, used 40752K [0x00000000eb700000, 0x00000000fff00000, 0x0000000100000000)
  eden space 236544K, 0% used [0x00000000eb700000,0x00000000eb700000,0x00000000f9e00000)
  from space 49152K, 82% used [0x00000000fcf00000,0x00000000ff6cc0e0,0x00000000fff00000)
  to   space 49664K, 0% used [0x00000000f9e00000,0x00000000f9e00000,0x00000000fce80000)
 ParOldGen       total 124416K, used 116104K [0x00000000c2400000, 0x00000000c9d80000, 0x00000000eb700000)
  object space 124416K, 93% used [0x00000000c2400000,0x00000000c95621f8,0x00000000c9d80000)
 Metaspace       used 20697K, capacity 21202K, committed 21504K, reserved 1069056K
  class space    used 2317K, capacity 2473K, committed 2560K, reserved 1048576K
}
Event: 18.137 GC heap before
{Heap before GC invocations=45 (full 2):
 PSYoungGen      total 285696K, used 277296K [0x00000000eb700000, 0x00000000fff00000, 0x0000000100000000)
  eden space 236544K, 100% used [0x00000000eb700000,0x00000000f9e00000,0x00000000f9e00000)
  from space 49152K, 82% used [0x00000000fcf00000,0x00000000ff6cc0e0,0x00000000fff00000)
  to   space 49664K, 0% used [0x00000000f9e00000,0x00000000f9e00000,0x00000000fce80000)
 ParOldGen       total 124416K, used 116104K [0x00000000c2400000, 0x00000000c9d80000, 0x00000000eb700000)
  object space 124416K, 93% used [0x00000000c2400000,0x00000000c95621f8,0x00000000c9d80000)
 Metaspace       used 20697K, capacity 21202K, committed 21504K, reserved 1069056K
  class space    used 2317K, capacity 2473K, committed 2560K, reserved 1048576K
Event: 18.223 GC heap after
Heap after GC invocations=45 (full 2):
 PSYoungGen      total 286208K, used 41686K [0x00000000eb700000, 0x0000000100000000, 0x0000000100000000)
  eden space 236544K, 0% used [0x00000000eb700000,0x00000000eb700000,0x00000000f9e00000)
  from space 49664K, 83% used [0x00000000f9e00000,0x00000000fc6b5b28,0x00000000fce80000)
  to   space 49664K, 0% used [0x00000000fcf80000,0x00000000fcf80000,0x0000000100000000)
 ParOldGen       total 124416K, used 117245K [0x00000000c2400000, 0x00000000c9d80000, 0x00000000eb700000)
  object space 124416K, 94% used [0x00000000c2400000,0x00000000c967f618,0x00000000c9d80000)
 Metaspace       used 20697K, capacity 21202K, committed 21504K, reserved 1069056K
  class space    used 2317K, capacity 2473K, committed 2560K, reserved 1048576K
}
Event: 18.536 GC heap before
{Heap before GC invocations=46 (full 2):
 PSYoungGen      total 286208K, used 278230K [0x00000000eb700000, 0x0000000100000000, 0x0000000100000000)
  eden space 236544K, 100% used [0x00000000eb700000,0x00000000f9e00000,0x00000000f9e00000)
  from space 49664K, 83% used [0x00000000f9e00000,0x00000000fc6b5b28,0x00000000fce80000)
  to   space 49664K, 0% used [0x00000000fcf80000,0x00000000fcf80000,0x0000000100000000)
 ParOldGen       total 124416K, used 117245K [0x00000000c2400000, 0x00000000c9d80000, 0x00000000eb700000)
  object space 124416K, 94% used [0x00000000c2400000,0x00000000c967f618,0x00000000c9d80000)
 Metaspace       used 20697K, capacity 21202K, committed 21504K, reserved 1069056K
  class space    used 2317K, capacity 2473K, committed 2560K, reserved 1048576K
Event: 18.618 GC heap after
Heap after GC invocations=46 (full 2):
 PSYoungGen      total 286208K, used 41142K [0x00000000eb700000, 0x00000000fff00000, 0x0000000100000000)
  eden space 237568K, 0% used [0x00000000eb700000,0x00000000eb700000,0x00000000f9f00000)
  from space 48640K, 84% used [0x00000000fcf80000,0x00000000ff7ada48,0x00000000fff00000)
  to   space 49152K, 0% used [0x00000000f9f00000,0x00000000f9f00000,0x00000000fcf00000)
 ParOldGen       total 124416K, used 119349K [0x00000000c2400000, 0x00000000c9d80000, 0x00000000eb700000)
  object space 124416K, 95% used [0x00000000c2400000,0x00000000c988d710,0x00000000c9d80000)
 Metaspace       used 20697K, capacity 21202K, committed 21504K, reserved 1069056K
  class space    used 2317K, capacity 2473K, committed 2560K, reserved 1048576K
}

