# JRE version: Java(TM) SE Runtime Environment (8.0_162-b12) (build 1.8.0_162-b12)
# Java VM: Java HotSpot(TM) 64-Bit Server VM (25.162-b12 mixed mode linux-amd64 compressed oops)
Heap:
 PSYoungGen      total 136192K, used 43985K [0x00000000eb700000, 0x00000000fc100000, 0x0000000100000000)
  eden space 126976K, 34% used [0x00000000eb700000,0x00000000ee1f4438,0x00000000f3300000)
  from space 9216K, 0% used [0x00000000f3300000,0x00000000f3300000,0x00000000f3c00000)
  to   space 9216K, 0% used [0x00000000fb800000,0x00000000fb800000,0x00000000fc100000)
 ParOldGen       total 46080K, used 17461K [0x00000000c2400000, 0x00000000c5100000, 0x00000000eb700000)
  object space 46080K, 37% used [0x00000000c2400000,0x00000000c350d688,0x00000000c5100000)
 Metaspace       used 23743K, capacity 24366K, committed 24704K, reserved 1071104K
  class space    used 2873K, capacity 3099K, committed 3200K, reserved 1048576K
GC Heap History (10 events):
Event: 1.423 GC heap before
{Heap before GC invocations=4 (full 0):
 PSYoungGen      total 34304K, used 34304K [0x00000000eb700000, 0x00000000efa00000, 0x0000000100000000)
  eden space 31744K, 100% used [0x00000000eb700000,0x00000000ed600000,0x00000000ed600000)
  from space 2560K, 100% used [0x00000000ed600000,0x00000000ed880000,0x00000000ed880000)
  to   space 2560K, 0% used [0x00000000ef780000,0x00000000ef780000,0x00000000efa00000)
 ParOldGen       total 42496K, used 4962K [0x00000000c2400000, 0x00000000c4d80000, 0x00000000eb700000)
  object space 42496K, 11% used [0x00000000c2400000,0x00000000c28d89f0,0x00000000c4d80000)
 Metaspace       used 13527K, capacity 13856K, committed 14080K, reserved 1060864K
  class space    used 1638K, capacity 1758K, committed 1792K, reserved 1048576K
Event: 1.435 GC heap after
Heap after GC invocations=4 (full 0):
 PSYoungGen      total 66048K, used 2544K [0x00000000eb700000, 0x00000000efa00000, 0x0000000100000000)
  eden space 63488K, 0% used [0x00000000eb700000,0x00000000eb700000,0x00000000ef500000)
  from space 2560K, 99% used [0x00000000ef780000,0x00000000ef9fc010,0x00000000efa00000)
  to   space 2560K, 0% used [0x00000000ef500000,0x00000000ef500000,0x00000000ef780000)
 ParOldGen       total 42496K, used 7621K [0x00000000c2400000, 0x00000000c4d80000, 0x00000000eb700000)
  object space 42496K, 17% used [0x00000000c2400000,0x00000000c2b717b8,0x00000000c4d80000)
 Metaspace       used 13527K, capacity 13856K, committed 14080K, reserved 1060864K
  class space    used 1638K, capacity 1758K, committed 1792K, reserved 1048576K
}
Event: 2.284 GC heap before
{Heap before GC invocations=5 (full 0):
 PSYoungGen      total 66048K, used 66032K [0x00000000eb700000, 0x00000000efa00000, 0x0000000100000000)
  eden space 63488K, 100% used [0x00000000eb700000,0x00000000ef500000,0x00000000ef500000)
  from space 2560K, 99% used [0x00000000ef780000,0x00000000ef9fc010,0x00000000efa00000)
  to   space 2560K, 0% used [0x00000000ef500000,0x00000000ef500000,0x00000000ef780000)
 ParOldGen       total 42496K, used 7621K [0x00000000c2400000, 0x00000000c4d80000, 0x00000000eb700000)
  object space 42496K, 17% used [0x00000000c2400000,0x00000000c2b717b8,0x00000000c4d80000)
 Metaspace       used 17997K, capacity 18446K, committed 18816K, reserved 1064960K
  class space    used 2204K, capacity 2361K, committed 2432K, reserved 1048576K
Event: 2.300 GC heap after
Heap after GC invocations=5 (full 0):
 PSYoungGen      total 66048K, used 2544K [0x00000000eb700000, 0x00000000f4500000, 0x0000000100000000)
  eden space 63488K, 0% used [0x00000000eb700000,0x00000000eb700000,0x00000000ef500000)
  from space 2560K, 99% used [0x00000000ef500000,0x00000000ef77c030,0x00000000ef780000)
  to   space 9216K, 0% used [0x00000000f3c00000,0x00000000f3c00000,0x00000000f4500000)
 ParOldGen       total 42496K, used 13055K [0x00000000c2400000, 0x00000000c4d80000, 0x00000000eb700000)
  object space 42496K, 30% used [0x00000000c2400000,0x00000000c30bfc90,0x00000000c4d80000)
 Metaspace       used 17997K, capacity 18446K, committed 18816K, reserved 1064960K
  class space    used 2204K, capacity 2361K, committed 2432K, reserved 1048576K
}
Event: 2.641 GC heap before
{Heap before GC invocations=6 (full 0):
 PSYoungGen      total 66048K, used 66032K [0x00000000eb700000, 0x00000000f4500000, 0x0000000100000000)
  eden space 63488K, 100% used [0x00000000eb700000,0x00000000ef500000,0x00000000ef500000)
  from space 2560K, 99% used [0x00000000ef500000,0x00000000ef77c030,0x00000000ef780000)
  to   space 9216K, 0% used [0x00000000f3c00000,0x00000000f3c00000,0x00000000f4500000)
 ParOldGen       total 42496K, used 13055K [0x00000000c2400000, 0x00000000c4d80000, 0x00000000eb700000)
  object space 42496K, 30% used [0x00000000c2400000,0x00000000c30bfc90,0x00000000c4d80000)
 Metaspace       used 18981K, capacity 19556K, committed 19712K, reserved 1067008K
  class space    used 2289K, capacity 2474K, committed 2560K, reserved 1048576K
Event: 2.657 GC heap after
Heap after GC invocations=6 (full 0):
 PSYoungGen      total 136192K, used 6263K [0x00000000eb700000, 0x00000000f4500000, 0x0000000100000000)
  eden space 126976K, 0% used [0x00000000eb700000,0x00000000eb700000,0x00000000f3300000)
  from space 9216K, 67% used [0x00000000f3c00000,0x00000000f421dc98,0x00000000f4500000)
  to   space 9216K, 0% used [0x00000000f3300000,0x00000000f3300000,0x00000000f3c00000)
 ParOldGen       total 42496K, used 13063K [0x00000000c2400000, 0x00000000c4d80000, 0x00000000eb700000)
  object space 42496K, 30% used [0x00000000c2400000,0x00000000c30c1c90,0x00000000c4d80000)
 Metaspace       used 18981K, capacity 19556K, committed 19712K, reserved 1067008K
  class space    used 2289K, capacity 2474K, committed 2560K, reserved 1048576K
}
Event: 2.829 GC heap before
{Heap before GC invocations=7 (full 0):
 PSYoungGen      total 136192K, used 26295K [0x00000000eb700000, 0x00000000f4500000, 0x0000000100000000)
  eden space 126976K, 15% used [0x00000000eb700000,0x00000000eca90230,0x00000000f3300000)
  from space 9216K, 67% used [0x00000000f3c00000,0x00000000f421dc98,0x00000000f4500000)
  to   space 9216K, 0% used [0x00000000f3300000,0x00000000f3300000,0x00000000f3c00000)
 ParOldGen       total 42496K, used 13063K [0x00000000c2400000, 0x00000000c4d80000, 0x00000000eb700000)
  object space 42496K, 30% used [0x00000000c2400000,0x00000000c30c1c90,0x00000000c4d80000)
 Metaspace       used 20558K, capacity 21192K, committed 21296K, reserved 1069056K
  class space    used 2485K, capacity 2682K, committed 2688K, reserved 1048576K
Event: 2.845 GC heap after
Heap after GC invocations=7 (full 0):
 PSYoungGen      total 136192K, used 5927K [0x00000000eb700000, 0x00000000fc100000, 0x0000000100000000)
  eden space 126976K, 0% used [0x00000000eb700000,0x00000000eb700000,0x00000000f3300000)
  from space 9216K, 64% used [0x00000000f3300000,0x00000000f38c9d80,0x00000000f3c00000)
  to   space 9216K, 0% used [0x00000000fb800000,0x00000000fb800000,0x00000000fc100000)
 ParOldGen       total 42496K, used 13503K [0x00000000c2400000, 0x00000000c4d80000, 0x00000000eb700000)
  object space 42496K, 31% used [0x00000000c2400000,0x00000000c312fce0,0x00000000c4d80000)
 Metaspace       used 20558K, capacity 21192K, committed 21296K, reserved 1069056K
  class space    used 2485K, capacity 2682K, committed 2688K, reserved 1048576K
}
Event: 2.845 GC heap before
{Heap before GC invocations=8 (full 1):
 PSYoungGen      total 136192K, used 5927K [0x00000000eb700000, 0x00000000fc100000, 0x0000000100000000)
  eden space 126976K, 0% used [0x00000000eb700000,0x00000000eb700000,0x00000000f3300000)
  from space 9216K, 64% used [0x00000000f3300000,0x00000000f38c9d80,0x00000000f3c00000)
  to   space 9216K, 0% used [0x00000000fb800000,0x00000000fb800000,0x00000000fc100000)
 ParOldGen       total 42496K, used 13503K [0x00000000c2400000, 0x00000000c4d80000, 0x00000000eb700000)
  object space 42496K, 31% used [0x00000000c2400000,0x00000000c312fce0,0x00000000c4d80000)
 Metaspace       used 20558K, capacity 21192K, committed 21296K, reserved 1069056K
  class space    used 2485K, capacity 2682K, committed 2688K, reserved 1048576K
Event: 2.919 GC heap after
Heap after GC invocations=8 (full 1):
 PSYoungGen      total 136192K, used 0K [0x00000000eb700000, 0x00000000fc100000, 0x0000000100000000)
  eden space 126976K, 0% used [0x00000000eb700000,0x00000000eb700000,0x00000000f3300000)
  from space 9216K, 0% used [0x00000000f3300000,0x00000000f3300000,0x00000000f3c00000)
  to   space 9216K, 0% used [0x00000000fb800000,0x00000000fb800000,0x00000000fc100000)
 ParOldGen       total 46080K, used 17461K [0x00000000c2400000, 0x00000000c5100000, 0x00000000eb700000)
  object space 46080K, 37% used [0x00000000c2400000,0x00000000c350d688,0x00000000c5100000)
 Metaspace       used 20558K, capacity 21192K, committed 21296K, reserved 1069056K
  class space    used 2485K, capacity 2682K, committed 2688K, reserved 1048576K
}

